[2025-11-10T22:58:31.558+0000] {local_task_job_runner.py:120} INFO - ::group::Pre task execution logs
[2025-11-10T22:58:31.575+0000] {taskinstance.py:2076} INFO - Dependencies all met for dep_context=non-requeueable deps ti=<TaskInstance: ingest_flight_status.fetch_flights manual__2025-11-10T22:58:30.384906+00:00 [queued]>
[2025-11-10T22:58:31.584+0000] {taskinstance.py:2076} INFO - Dependencies all met for dep_context=requeueable deps ti=<TaskInstance: ingest_flight_status.fetch_flights manual__2025-11-10T22:58:30.384906+00:00 [queued]>
[2025-11-10T22:58:31.585+0000] {taskinstance.py:2306} INFO - Starting attempt 1 of 1
[2025-11-10T22:58:31.603+0000] {taskinstance.py:2330} INFO - Executing <Task(PythonOperator): fetch_flights> on 2025-11-10 22:58:30.384906+00:00
[2025-11-10T22:58:31.612+0000] {warnings.py:110} WARNING - /home/***/.local/lib/python3.12/site-packages/***/task/task_runner/standard_task_runner.py:61: DeprecationWarning: This process (pid=325) is multi-threaded, use of fork() may lead to deadlocks in the child.
  pid = os.fork()

[2025-11-10T22:58:31.618+0000] {standard_task_runner.py:63} INFO - Started process 327 to run task
[2025-11-10T22:58:31.616+0000] {standard_task_runner.py:90} INFO - Running: ['***', 'tasks', 'run', 'ingest_flight_status', 'fetch_flights', 'manual__2025-11-10T22:58:30.384906+00:00', '--job-id', '6', '--raw', '--subdir', 'DAGS_FOLDER/ingest_flight_status.py', '--cfg-path', '/tmp/tmpe6z6wghf']
[2025-11-10T22:58:31.621+0000] {standard_task_runner.py:91} INFO - Job 6: Subtask fetch_flights
[2025-11-10T22:58:31.698+0000] {task_command.py:426} INFO - Running <TaskInstance: ingest_flight_status.fetch_flights manual__2025-11-10T22:58:30.384906+00:00 [running]> on host 980bf7015eaf
[2025-11-10T22:58:31.792+0000] {taskinstance.py:2648} INFO - Exporting env vars: AIRFLOW_CTX_DAG_OWNER='***' AIRFLOW_CTX_DAG_ID='ingest_flight_status' AIRFLOW_CTX_TASK_ID='fetch_flights' AIRFLOW_CTX_EXECUTION_DATE='2025-11-10T22:58:30.384906+00:00' AIRFLOW_CTX_TRY_NUMBER='1' AIRFLOW_CTX_DAG_RUN_ID='manual__2025-11-10T22:58:30.384906+00:00'
[2025-11-10T22:58:31.795+0000] {taskinstance.py:430} INFO - ::endgroup::
[2025-11-10T22:58:31.807+0000] {base.py:84} INFO - Using connection ID 'aviationstack_api' for task execution.
[2025-11-10T22:58:32.137+0000] {http.py:199} ERROR - HTTP error: Unauthorized
[2025-11-10T22:58:32.139+0000] {http.py:200} ERROR - {
  "error": {
    "code": "invalid_access_key",
    "message": "You have not supplied a valid API Access Key."
  }
}

[2025-11-10T22:58:32.139+0000] {taskinstance.py:441} INFO - ::group::Post task execution logs
[2025-11-10T22:58:32.153+0000] {taskinstance.py:2905} ERROR - Task failed with exception
Traceback (most recent call last):
  File "/home/airflow/.local/lib/python3.12/site-packages/airflow/providers/http/hooks/http.py", line 197, in check_response
    response.raise_for_status()
  File "/home/airflow/.local/lib/python3.12/site-packages/requests/models.py", line 1021, in raise_for_status
    raise HTTPError(http_error_msg, response=self)
requests.exceptions.HTTPError: 401 Client Error: Unauthorized for url: https://api.aviationstack.com/v1/flights?access_key=%3CYOUR_API_KEY%3E&limit=10

During handling of the above exception, another exception occurred:

Traceback (most recent call last):
  File "/home/airflow/.local/lib/python3.12/site-packages/airflow/models/taskinstance.py", line 465, in _execute_task
    result = _execute_callable(context=context, **execute_callable_kwargs)
             ^^^^^^^^^^^^^^^^^^^^^^^^^^^^^^^^^^^^^^^^^^^^^^^^^^^^^^^^^^^^^
  File "/home/airflow/.local/lib/python3.12/site-packages/airflow/models/taskinstance.py", line 432, in _execute_callable
    return execute_callable(context=context, **execute_callable_kwargs)
           ^^^^^^^^^^^^^^^^^^^^^^^^^^^^^^^^^^^^^^^^^^^^^^^^^^^^^^^^^^^^
  File "/home/airflow/.local/lib/python3.12/site-packages/airflow/models/baseoperator.py", line 400, in wrapper
    return func(self, *args, **kwargs)
           ^^^^^^^^^^^^^^^^^^^^^^^^^^^
  File "/home/airflow/.local/lib/python3.12/site-packages/airflow/operators/python.py", line 235, in execute
    return_value = self.execute_callable()
                   ^^^^^^^^^^^^^^^^^^^^^^^
  File "/home/airflow/.local/lib/python3.12/site-packages/airflow/operators/python.py", line 252, in execute_callable
    return self.python_callable(*self.op_args, **self.op_kwargs)
           ^^^^^^^^^^^^^^^^^^^^^^^^^^^^^^^^^^^^^^^^^^^^^^^^^^^^^
  File "/opt/airflow/dags/ingest_flight_status.py", line 18, in _fetch_flights
    resp = http.run(endpoint=endpoint, data=params)
           ^^^^^^^^^^^^^^^^^^^^^^^^^^^^^^^^^^^^^^^^
  File "/home/airflow/.local/lib/python3.12/site-packages/airflow/providers/http/hooks/http.py", line 187, in run
    return self.run_and_check(session, prepped_request, extra_options)
           ^^^^^^^^^^^^^^^^^^^^^^^^^^^^^^^^^^^^^^^^^^^^^^^^^^^^^^^^^^^
  File "/home/airflow/.local/lib/python3.12/site-packages/airflow/providers/http/hooks/http.py", line 238, in run_and_check
    self.check_response(response)
  File "/home/airflow/.local/lib/python3.12/site-packages/airflow/providers/http/hooks/http.py", line 201, in check_response
    raise AirflowException(str(response.status_code) + ":" + response.reason)
airflow.exceptions.AirflowException: 401:Unauthorized
[2025-11-10T22:58:32.165+0000] {taskinstance.py:1206} INFO - Marking task as FAILED. dag_id=ingest_flight_status, task_id=fetch_flights, run_id=manual__2025-11-10T22:58:30.384906+00:00, execution_date=20251110T225830, start_date=20251110T225831, end_date=20251110T225832
[2025-11-10T22:58:32.182+0000] {standard_task_runner.py:110} ERROR - Failed to execute job 6 for task fetch_flights (401:Unauthorized; 327)
[2025-11-10T22:58:32.209+0000] {local_task_job_runner.py:240} INFO - Task exited with return code 1
[2025-11-10T22:58:32.235+0000] {taskinstance.py:3498} INFO - 0 downstream tasks scheduled from follow-on schedule check
[2025-11-10T22:58:32.242+0000] {local_task_job_runner.py:222} INFO - ::endgroup::
