[2025-11-12T19:08:12.735+0000] {local_task_job_runner.py:120} INFO - ::group::Pre task execution logs
[2025-11-12T19:08:12.758+0000] {taskinstance.py:2076} INFO - Dependencies all met for dep_context=non-requeueable deps ti=<TaskInstance: ingest_flight_status_usa.fetch_flights manual__2025-11-12T19:08:10.045209+00:00 [queued]>
[2025-11-12T19:08:12.769+0000] {taskinstance.py:2076} INFO - Dependencies all met for dep_context=requeueable deps ti=<TaskInstance: ingest_flight_status_usa.fetch_flights manual__2025-11-12T19:08:10.045209+00:00 [queued]>
[2025-11-12T19:08:12.770+0000] {taskinstance.py:2306} INFO - Starting attempt 1 of 1
[2025-11-12T19:08:12.784+0000] {taskinstance.py:2330} INFO - Executing <Task(PythonOperator): fetch_flights> on 2025-11-12 19:08:10.045209+00:00
[2025-11-12T19:08:12.796+0000] {warnings.py:110} WARNING - /home/***/.local/lib/python3.12/site-packages/***/task/task_runner/standard_task_runner.py:61: DeprecationWarning: This process (pid=102) is multi-threaded, use of fork() may lead to deadlocks in the child.
  pid = os.fork()

[2025-11-12T19:08:12.799+0000] {standard_task_runner.py:63} INFO - Started process 106 to run task
[2025-11-12T19:08:12.800+0000] {standard_task_runner.py:90} INFO - Running: ['***', 'tasks', 'run', 'ingest_flight_status_usa', 'fetch_flights', 'manual__2025-11-12T19:08:10.045209+00:00', '--job-id', '23', '--raw', '--subdir', 'DAGS_FOLDER/ingest_flight_status.py', '--cfg-path', '/tmp/tmpmrwlr10m']
[2025-11-12T19:08:12.801+0000] {standard_task_runner.py:91} INFO - Job 23: Subtask fetch_flights
[2025-11-12T19:08:12.889+0000] {task_command.py:426} INFO - Running <TaskInstance: ingest_flight_status_usa.fetch_flights manual__2025-11-12T19:08:10.045209+00:00 [running]> on host 123cfee3bb1b
[2025-11-12T19:08:13.013+0000] {taskinstance.py:2648} INFO - Exporting env vars: AIRFLOW_CTX_DAG_OWNER='***' AIRFLOW_CTX_DAG_ID='ingest_flight_status_usa' AIRFLOW_CTX_TASK_ID='fetch_flights' AIRFLOW_CTX_EXECUTION_DATE='2025-11-12T19:08:10.045209+00:00' AIRFLOW_CTX_TRY_NUMBER='1' AIRFLOW_CTX_DAG_RUN_ID='manual__2025-11-12T19:08:10.045209+00:00'
[2025-11-12T19:08:13.016+0000] {taskinstance.py:430} INFO - ::endgroup::
[2025-11-12T19:08:13.426+0000] {base.py:84} INFO - Using connection ID 'aviationstack_api' for task execution.
[2025-11-12T19:08:13.871+0000] {http.py:199} ERROR - HTTP error: Unauthorized
[2025-11-12T19:08:13.872+0000] {http.py:200} ERROR - {
  "error": {
    "code": "missing_access_key",
    "message": "You have not supplied an API Access Key. [Required format: access_key=YOUR_ACCESS_KEY]"
  }
}

[2025-11-12T19:08:13.873+0000] {taskinstance.py:441} INFO - ::group::Post task execution logs
[2025-11-12T19:08:13.883+0000] {taskinstance.py:2905} ERROR - Task failed with exception
Traceback (most recent call last):
  File "/home/airflow/.local/lib/python3.12/site-packages/airflow/providers/http/hooks/http.py", line 197, in check_response
    response.raise_for_status()
  File "/home/airflow/.local/lib/python3.12/site-packages/requests/models.py", line 1021, in raise_for_status
    raise HTTPError(http_error_msg, response=self)
requests.exceptions.HTTPError: 401 Client Error: Unauthorized for url: https://api.aviationstack.com/v1/flights?limit=50&airline_iata=AA%2CDL%2CUA%2CB6%2CWN%2CAS%2CF9%2CNK&arr_iata=JFK%2CLAX%2CORD%2CATL%2CDFW%2CMIA%2CBOS%2CSFO%2CDEN%2CSEA

During handling of the above exception, another exception occurred:

Traceback (most recent call last):
  File "/home/airflow/.local/lib/python3.12/site-packages/airflow/models/taskinstance.py", line 465, in _execute_task
    result = _execute_callable(context=context, **execute_callable_kwargs)
             ^^^^^^^^^^^^^^^^^^^^^^^^^^^^^^^^^^^^^^^^^^^^^^^^^^^^^^^^^^^^^
  File "/home/airflow/.local/lib/python3.12/site-packages/airflow/models/taskinstance.py", line 432, in _execute_callable
    return execute_callable(context=context, **execute_callable_kwargs)
           ^^^^^^^^^^^^^^^^^^^^^^^^^^^^^^^^^^^^^^^^^^^^^^^^^^^^^^^^^^^^
  File "/home/airflow/.local/lib/python3.12/site-packages/airflow/models/baseoperator.py", line 400, in wrapper
    return func(self, *args, **kwargs)
           ^^^^^^^^^^^^^^^^^^^^^^^^^^^
  File "/home/airflow/.local/lib/python3.12/site-packages/airflow/operators/python.py", line 235, in execute
    return_value = self.execute_callable()
                   ^^^^^^^^^^^^^^^^^^^^^^^
  File "/home/airflow/.local/lib/python3.12/site-packages/airflow/operators/python.py", line 252, in execute_callable
    return self.python_callable(*self.op_args, **self.op_kwargs)
           ^^^^^^^^^^^^^^^^^^^^^^^^^^^^^^^^^^^^^^^^^^^^^^^^^^^^^
  File "/opt/airflow/dags/ingest_flight_status.py", line 25, in _fetch_flights
    resp = http.run(endpoint=endpoint, data=params)
           ^^^^^^^^^^^^^^^^^^^^^^^^^^^^^^^^^^^^^^^^
  File "/home/airflow/.local/lib/python3.12/site-packages/airflow/providers/http/hooks/http.py", line 187, in run
    return self.run_and_check(session, prepped_request, extra_options)
           ^^^^^^^^^^^^^^^^^^^^^^^^^^^^^^^^^^^^^^^^^^^^^^^^^^^^^^^^^^^
  File "/home/airflow/.local/lib/python3.12/site-packages/airflow/providers/http/hooks/http.py", line 238, in run_and_check
    self.check_response(response)
  File "/home/airflow/.local/lib/python3.12/site-packages/airflow/providers/http/hooks/http.py", line 201, in check_response
    raise AirflowException(str(response.status_code) + ":" + response.reason)
airflow.exceptions.AirflowException: 401:Unauthorized
[2025-11-12T19:08:13.893+0000] {taskinstance.py:1206} INFO - Marking task as FAILED. dag_id=ingest_flight_status_usa, task_id=fetch_flights, run_id=manual__2025-11-12T19:08:10.045209+00:00, execution_date=20251112T190810, start_date=20251112T190812, end_date=20251112T190813
[2025-11-12T19:08:13.910+0000] {standard_task_runner.py:110} ERROR - Failed to execute job 23 for task fetch_flights (401:Unauthorized; 106)
[2025-11-12T19:08:13.941+0000] {local_task_job_runner.py:240} INFO - Task exited with return code 1
[2025-11-12T19:08:13.965+0000] {taskinstance.py:3498} INFO - 0 downstream tasks scheduled from follow-on schedule check
[2025-11-12T19:08:13.970+0000] {local_task_job_runner.py:222} INFO - ::endgroup::
